<?xml version="1.0" encoding="UTF-8"?>
<coverage generated="1546993595660" clover="3.2.0">
  <project timestamp="1546993595660" name="All files">
    <metrics statements="36" coveredstatements="24" conditionals="11" coveredconditionals="5" methods="15" coveredmethods="11" elements="62" coveredelements="40" complexity="0" loc="36" ncloc="36" packages="3" files="4" classes="4">
      <package name="lib">
        <metrics statements="6" coveredstatements="6" conditionals="2" coveredconditionals="2" methods="2" coveredmethods="2"/>
        <file name="createElements.js" path="/Users/nick/projects/preact-polka-ssr/src/shared/lib/createElements.js">
          <metrics statements="6" coveredstatements="6" conditionals="2" coveredconditionals="2" methods="2" coveredmethods="2"/>
          <line num="1" count="4" type="stmt"/>
          <line num="2" count="4" type="stmt"/>
          <line num="4" count="4" type="cond" truecount="2" falsecount="0"/>
          <line num="5" count="3" type="stmt"/>
          <line num="6" count="3" type="stmt"/>
          <line num="10" count="4" type="stmt"/>
        </file>
      </package>
      <package name="store">
        <metrics statements="14" coveredstatements="2" conditionals="9" coveredconditionals="3" methods="5" coveredmethods="1"/>
        <file name="index.js" path="/Users/nick/projects/preact-polka-ssr/src/shared/store/index.js">
          <metrics statements="14" coveredstatements="2" conditionals="9" coveredconditionals="3" methods="5" coveredmethods="1"/>
          <line num="8" count="2" type="stmt"/>
          <line num="19" count="0" type="stmt"/>
          <line num="20" count="0" type="stmt"/>
          <line num="21" count="0" type="cond" truecount="0" falsecount="2"/>
          <line num="22" count="0" type="cond" truecount="0" falsecount="2"/>
          <line num="23" count="0" type="stmt"/>
          <line num="33" count="0" type="stmt"/>
          <line num="35" count="0" type="stmt"/>
          <line num="36" count="0" type="stmt"/>
          <line num="38" count="0" type="stmt"/>
          <line num="39" count="0" type="stmt"/>
          <line num="40" count="0" type="stmt"/>
          <line num="44" count="0" type="stmt"/>
          <line num="52" count="10" type="cond" truecount="2" falsecount="2"/>
        </file>
      </package>
      <package name="store.containers">
        <metrics statements="16" coveredstatements="16" conditionals="0" coveredconditionals="0" methods="8" coveredmethods="8"/>
        <file name="foods.js" path="/Users/nick/projects/preact-polka-ssr/src/shared/store/containers/foods.js">
          <metrics statements="8" coveredstatements="8" conditionals="0" coveredconditionals="0" methods="4" coveredmethods="4"/>
          <line num="1" count="2" type="stmt"/>
          <line num="6" count="2" type="stmt"/>
          <line num="7" count="1" type="stmt"/>
          <line num="10" count="2" type="stmt"/>
          <line num="11" count="2" type="stmt"/>
          <line num="12" count="1" type="stmt"/>
          <line num="15" count="2" type="stmt"/>
          <line num="16" count="1" type="stmt"/>
        </file>
        <file name="sports.js" path="/Users/nick/projects/preact-polka-ssr/src/shared/store/containers/sports.js">
          <metrics statements="8" coveredstatements="8" conditionals="0" coveredconditionals="0" methods="4" coveredmethods="4"/>
          <line num="1" count="2" type="stmt"/>
          <line num="6" count="2" type="stmt"/>
          <line num="7" count="1" type="stmt"/>
          <line num="10" count="2" type="stmt"/>
          <line num="11" count="2" type="stmt"/>
          <line num="12" count="1" type="stmt"/>
          <line num="15" count="2" type="stmt"/>
          <line num="16" count="1" type="stmt"/>
        </file>
      </package>
    </metrics>
  </project>
</coverage>
