<?xml version="1.0" encoding="UTF-8"?>
<coverage generated="1546978603151" clover="3.2.0">
  <project timestamp="1546978603151" name="All files">
    <metrics statements="6" coveredstatements="6" conditionals="2" coveredconditionals="2" methods="2" coveredmethods="2" elements="10" coveredelements="10" complexity="0" loc="6" ncloc="6" packages="1" files="1" classes="1">
      <file name="createElements.js" path="/Users/nick/projects/preact-polka-ssr/src/shared/lib/createElements.js">
        <metrics statements="6" coveredstatements="6" conditionals="2" coveredconditionals="2" methods="2" coveredmethods="2"/>
        <line num="1" count="4" type="stmt"/>
        <line num="2" count="4" type="stmt"/>
        <line num="4" count="4" type="cond" truecount="2" falsecount="0"/>
        <line num="5" count="3" type="stmt"/>
        <line num="6" count="3" type="stmt"/>
        <line num="10" count="4" type="stmt"/>
      </file>
    </metrics>
  </project>
</coverage>
