{"/Users/nick/projects/preact-polka-ssr/src/shared/lib/createElements.js": {"path":"/Users/nick/projects/preact-polka-ssr/src/shared/lib/createElements.js","statementMap":{"0":{"start":{"line":1,"column":23},"end":{"line":11,"column":2}},"1":{"start":{"line":2,"column":11},"end":{"line":2,"column":43}},"2":{"start":{"line":4,"column":2},"end":{"line":8,"column":3}},"3":{"start":{"line":5,"column":4},"end":{"line":7,"column":5}},"4":{"start":{"line":6,"column":6},"end":{"line":6,"column":42}},"5":{"start":{"line":10,"column":2},"end":{"line":10,"column":11}}},"fnMap":{"0":{"name":"(anonymous_0)","decl":{"start":{"line":1,"column":15},"end":{"line":1,"column":16}},"loc":{"start":{"line":1,"column":23},"end":{"line":11,"column":2}},"line":1},"1":{"name":"(anonymous_1)","decl":{"start":{"line":1,"column":32},"end":{"line":1,"column":33}},"loc":{"start":{"line":1,"column":39},"end":{"line":11,"column":1}},"line":1}},"branchMap":{"0":{"loc":{"start":{"line":4,"column":2},"end":{"line":8,"column":3}},"type":"if","locations":[{"start":{"line":4,"column":2},"end":{"line":8,"column":3}},{"start":{"line":4,"column":2},"end":{"line":8,"column":3}}],"line":4}},"s":{"0":4,"1":4,"2":4,"3":3,"4":3,"5":4},"f":{"0":4,"1":4},"b":{"0":[3,1]},"_coverageSchema":"332fd63041d2c1bcb487cc26dd0d5f7d97098a6c","hash":"7182a116cd742741717b43917d103cae44b9a757"}
}
