{"/Users/nick/projects/preact-polka-ssr/src/shared/lib/createElements.js": {"path":"/Users/nick/projects/preact-polka-ssr/src/shared/lib/createElements.js","statementMap":{"0":{"start":{"line":1,"column":23},"end":{"line":11,"column":2}},"1":{"start":{"line":2,"column":11},"end":{"line":2,"column":43}},"2":{"start":{"line":4,"column":2},"end":{"line":8,"column":3}},"3":{"start":{"line":5,"column":4},"end":{"line":7,"column":5}},"4":{"start":{"line":6,"column":6},"end":{"line":6,"column":42}},"5":{"start":{"line":10,"column":2},"end":{"line":10,"column":11}}},"fnMap":{"0":{"name":"(anonymous_0)","decl":{"start":{"line":1,"column":15},"end":{"line":1,"column":16}},"loc":{"start":{"line":1,"column":23},"end":{"line":11,"column":2}},"line":1},"1":{"name":"(anonymous_1)","decl":{"start":{"line":1,"column":32},"end":{"line":1,"column":33}},"loc":{"start":{"line":1,"column":39},"end":{"line":11,"column":1}},"line":1}},"branchMap":{"0":{"loc":{"start":{"line":4,"column":2},"end":{"line":8,"column":3}},"type":"if","locations":[{"start":{"line":4,"column":2},"end":{"line":8,"column":3}},{"start":{"line":4,"column":2},"end":{"line":8,"column":3}}],"line":4}},"s":{"0":4,"1":4,"2":4,"3":3,"4":3,"5":4},"f":{"0":4,"1":4},"b":{"0":[3,1]},"_coverageSchema":"332fd63041d2c1bcb487cc26dd0d5f7d97098a6c","hash":"7182a116cd742741717b43917d103cae44b9a757"}
,"/Users/nick/projects/preact-polka-ssr/src/shared/store/index.js": {"path":"/Users/nick/projects/preact-polka-ssr/src/shared/store/index.js","statementMap":{"0":{"start":{"line":8,"column":21},"end":{"line":11,"column":1}},"1":{"start":{"line":19,"column":2},"end":{"line":24,"column":3}},"2":{"start":{"line":20,"column":15},"end":{"line":20,"column":52}},"3":{"start":{"line":21,"column":4},"end":{"line":21,"column":64}},"4":{"start":{"line":21,"column":27},"end":{"line":21,"column":64}},"5":{"start":{"line":22,"column":4},"end":{"line":22,"column":40}},"6":{"start":{"line":22,"column":19},"end":{"line":22,"column":40}},"7":{"start":{"line":23,"column":4},"end":{"line":23,"column":12}},"8":{"start":{"line":33,"column":10},"end":{"line":33,"column":12}},"9":{"start":{"line":33,"column":18},"end":{"line":33,"column":19}},"10":{"start":{"line":33,"column":25},"end":{"line":33,"column":39}},"11":{"start":{"line":35,"column":2},"end":{"line":42,"column":3}},"12":{"start":{"line":36,"column":19},"end":{"line":36,"column":29}},"13":{"start":{"line":38,"column":4},"end":{"line":41,"column":5}},"14":{"start":{"line":39,"column":16},"end":{"line":39,"column":26}},"15":{"start":{"line":40,"column":6},"end":{"line":40,"column":54}},"16":{"start":{"line":44,"column":2},"end":{"line":44,"column":10}},"17":{"start":{"line":52,"column":2},"end":{"line":54,"column":24}}},"fnMap":{"0":{"name":"connect","decl":{"start":{"line":18,"column":16},"end":{"line":18,"column":23}},"loc":{"start":{"line":18,"column":50},"end":{"line":25,"column":1}},"line":18},"1":{"name":"(anonymous_1)","decl":{"start":{"line":19,"column":9},"end":{"line":19,"column":10}},"loc":{"start":{"line":19,"column":14},"end":{"line":24,"column":3}},"line":19},"2":{"name":"bindActions","decl":{"start":{"line":32,"column":16},"end":{"line":32,"column":27}},"loc":{"start":{"line":32,"column":42},"end":{"line":45,"column":1}},"line":32},"3":{"name":"(anonymous_3)","decl":{"start":{"line":38,"column":21},"end":{"line":38,"column":22}},"loc":{"start":{"line":38,"column":40},"end":{"line":41,"column":5}},"line":38},"4":{"name":"(anonymous_4)","decl":{"start":{"line":51,"column":15},"end":{"line":51,"column":16}},"loc":{"start":{"line":52,"column":2},"end":{"line":54,"column":24}},"line":52}},"branchMap":{"0":{"loc":{"start":{"line":21,"column":4},"end":{"line":21,"column":64}},"type":"if","locations":[{"start":{"line":21,"column":4},"end":{"line":21,"column":64}},{"start":{"line":21,"column":4},"end":{"line":21,"column":64}}],"line":21},"1":{"loc":{"start":{"line":22,"column":4},"end":{"line":22,"column":40}},"type":"if","locations":[{"start":{"line":22,"column":4},"end":{"line":22,"column":40}},{"start":{"line":22,"column":4},"end":{"line":22,"column":40}}],"line":22},"2":{"loc":{"start":{"line":51,"column":16},"end":{"line":51,"column":36}},"type":"default-arg","locations":[{"start":{"line":51,"column":24},"end":{"line":51,"column":36}}],"line":51},"3":{"loc":{"start":{"line":52,"column":2},"end":{"line":54,"column":24}},"type":"cond-expr","locations":[{"start":{"line":53,"column":6},"end":{"line":53,"column":34}},{"start":{"line":54,"column":6},"end":{"line":54,"column":24}}],"line":52},"4":{"loc":{"start":{"line":52,"column":2},"end":{"line":52,"column":73}},"type":"binary-expr","locations":[{"start":{"line":52,"column":2},"end":{"line":52,"column":40}},{"start":{"line":52,"column":44},"end":{"line":52,"column":73}}],"line":52}},"s":{"0":2,"1":0,"2":0,"3":0,"4":0,"5":0,"6":0,"7":0,"8":0,"9":0,"10":0,"11":0,"12":0,"13":0,"14":0,"15":0,"16":0,"17":10},"f":{"0":0,"1":0,"2":0,"3":0,"4":10},"b":{"0":[0,0],"1":[0,0],"2":[10],"3":[0,10],"4":[10,0]},"_coverageSchema":"332fd63041d2c1bcb487cc26dd0d5f7d97098a6c","hash":"a211ee33ac1b8f2cdeab1ba19fcc132ae6ba5e98"}
,"/Users/nick/projects/preact-polka-ssr/src/shared/store/containers/foods.js": {"path":"/Users/nick/projects/preact-polka-ssr/src/shared/store/containers/foods.js","statementMap":{"0":{"start":{"line":1,"column":21},"end":{"line":4,"column":1}},"1":{"start":{"line":6,"column":23},"end":{"line":8,"column":1}},"2":{"start":{"line":7,"column":2},"end":{"line":7,"column":34}},"3":{"start":{"line":10,"column":26},"end":{"line":13,"column":1}},"4":{"start":{"line":11,"column":2},"end":{"line":11,"column":43}},"5":{"start":{"line":11,"column":29},"end":{"line":11,"column":42}},"6":{"start":{"line":12,"column":2},"end":{"line":12,"column":17}},"7":{"start":{"line":15,"column":30},"end":{"line":17,"column":1}},"8":{"start":{"line":16,"column":2},"end":{"line":16,"column":24}}},"fnMap":{"0":{"name":"(anonymous_0)","decl":{"start":{"line":6,"column":23},"end":{"line":6,"column":24}},"loc":{"start":{"line":6,"column":43},"end":{"line":8,"column":1}},"line":6},"1":{"name":"(anonymous_1)","decl":{"start":{"line":10,"column":26},"end":{"line":10,"column":27}},"loc":{"start":{"line":10,"column":46},"end":{"line":13,"column":1}},"line":10},"2":{"name":"(anonymous_2)","decl":{"start":{"line":11,"column":21},"end":{"line":11,"column":22}},"loc":{"start":{"line":11,"column":29},"end":{"line":11,"column":42}},"line":11},"3":{"name":"(anonymous_3)","decl":{"start":{"line":15,"column":30},"end":{"line":15,"column":31}},"loc":{"start":{"line":15,"column":50},"end":{"line":17,"column":1}},"line":15}},"branchMap":{},"s":{"0":2,"1":2,"2":1,"3":2,"4":1,"5":2,"6":1,"7":2,"8":1},"f":{"0":1,"1":1,"2":2,"3":1},"b":{},"_coverageSchema":"332fd63041d2c1bcb487cc26dd0d5f7d97098a6c","hash":"345aa9662427be37f5c64ffdb2d2b4757da5180b"}
,"/Users/nick/projects/preact-polka-ssr/src/shared/store/containers/sports.js": {"path":"/Users/nick/projects/preact-polka-ssr/src/shared/store/containers/sports.js","statementMap":{"0":{"start":{"line":1,"column":22},"end":{"line":4,"column":1}},"1":{"start":{"line":6,"column":24},"end":{"line":8,"column":1}},"2":{"start":{"line":7,"column":2},"end":{"line":7,"column":35}},"3":{"start":{"line":10,"column":27},"end":{"line":13,"column":1}},"4":{"start":{"line":11,"column":2},"end":{"line":11,"column":44}},"5":{"start":{"line":11,"column":29},"end":{"line":11,"column":43}},"6":{"start":{"line":12,"column":2},"end":{"line":12,"column":17}},"7":{"start":{"line":15,"column":30},"end":{"line":17,"column":1}},"8":{"start":{"line":16,"column":2},"end":{"line":16,"column":24}}},"fnMap":{"0":{"name":"(anonymous_0)","decl":{"start":{"line":6,"column":24},"end":{"line":6,"column":25}},"loc":{"start":{"line":6,"column":45},"end":{"line":8,"column":1}},"line":6},"1":{"name":"(anonymous_1)","decl":{"start":{"line":10,"column":27},"end":{"line":10,"column":28}},"loc":{"start":{"line":10,"column":48},"end":{"line":13,"column":1}},"line":10},"2":{"name":"(anonymous_2)","decl":{"start":{"line":11,"column":21},"end":{"line":11,"column":22}},"loc":{"start":{"line":11,"column":29},"end":{"line":11,"column":43}},"line":11},"3":{"name":"(anonymous_3)","decl":{"start":{"line":15,"column":30},"end":{"line":15,"column":31}},"loc":{"start":{"line":15,"column":50},"end":{"line":17,"column":1}},"line":15}},"branchMap":{},"s":{"0":2,"1":2,"2":1,"3":2,"4":1,"5":2,"6":1,"7":2,"8":1},"f":{"0":1,"1":1,"2":2,"3":1},"b":{},"_coverageSchema":"332fd63041d2c1bcb487cc26dd0d5f7d97098a6c","hash":"ddbdff5945ede16912584ab107482c3059a4b89d"}
}
