TN:
SF:/Users/nick/projects/preact-polka-ssr/src/shared/lib/createElements.js
FN:1,(anonymous_0)
FN:1,(anonymous_1)
FNF:2
FNH:2
FNDA:4,(anonymous_0)
FNDA:4,(anonymous_1)
DA:1,4
DA:2,4
DA:4,4
DA:5,3
DA:6,3
DA:10,4
LF:6
LH:6
BRDA:4,0,0,3
BRDA:4,0,1,1
BRF:2
BRH:2
end_of_record
TN:
SF:/Users/nick/projects/preact-polka-ssr/src/shared/store/index.js
FN:18,connect
FN:19,(anonymous_1)
FN:32,bindActions
FN:38,(anonymous_3)
FN:51,(anonymous_4)
FNF:5
FNH:1
FNDA:0,connect
FNDA:0,(anonymous_1)
FNDA:0,bindActions
FNDA:0,(anonymous_3)
FNDA:10,(anonymous_4)
DA:8,2
DA:19,0
DA:20,0
DA:21,0
DA:22,0
DA:23,0
DA:33,0
DA:35,0
DA:36,0
DA:38,0
DA:39,0
DA:40,0
DA:44,0
DA:52,10
LF:14
LH:2
BRDA:21,0,0,0
BRDA:21,0,1,0
BRDA:22,1,0,0
BRDA:22,1,1,0
BRDA:51,2,0,10
BRDA:52,3,0,0
BRDA:52,3,1,10
BRDA:52,4,0,10
BRDA:52,4,1,0
BRF:9
BRH:3
end_of_record
TN:
SF:/Users/nick/projects/preact-polka-ssr/src/shared/store/containers/foods.js
FN:6,(anonymous_0)
FN:10,(anonymous_1)
FN:11,(anonymous_2)
FN:15,(anonymous_3)
FNF:4
FNH:4
FNDA:1,(anonymous_0)
FNDA:1,(anonymous_1)
FNDA:2,(anonymous_2)
FNDA:1,(anonymous_3)
DA:1,2
DA:6,2
DA:7,1
DA:10,2
DA:11,2
DA:12,1
DA:15,2
DA:16,1
LF:8
LH:8
BRF:0
BRH:0
end_of_record
TN:
SF:/Users/nick/projects/preact-polka-ssr/src/shared/store/containers/sports.js
FN:6,(anonymous_0)
FN:10,(anonymous_1)
FN:11,(anonymous_2)
FN:15,(anonymous_3)
FNF:4
FNH:4
FNDA:1,(anonymous_0)
FNDA:1,(anonymous_1)
FNDA:2,(anonymous_2)
FNDA:1,(anonymous_3)
DA:1,2
DA:6,2
DA:7,1
DA:10,2
DA:11,2
DA:12,1
DA:15,2
DA:16,1
LF:8
LH:8
BRF:0
BRH:0
end_of_record
